<?xml version="1.0" encoding="UTF-8"?>
<!-- Generated by org.testng.reporters.JUnitReportReporter -->
<testsuite skipped="0" hostname="LAPTOP-T2D0RNDH" name="com.shopcart.qa.testpages.Customers_CustomerServicePageTest" tests="1" failures="0" timestamp="06 May 2019 18:51:37 GMT" time="13.888" errors="0">
  <testcase name="verifyCustomerServiceTest" time="13.888" classname="com.shopcart.qa.testpages.Customers_CustomerServicePageTest"/>
</testsuite> <!-- com.shopcart.qa.testpages.Customers_CustomerServicePageTest -->
