<?xml version="1.0" encoding="UTF-8"?>
<!-- Generated by org.testng.reporters.JUnitReportReporter -->
<testsuite skipped="0" hostname="LAPTOP-T2D0RNDH" name="com.shopcart.qa.testpages.Customers_GroupsPageTest" tests="1" failures="0" timestamp="06 May 2019 11:02:54 GMT" time="18.283" errors="0">
  <testcase name="verifyAddNewGroupTextTest" time="18.283" classname="com.shopcart.qa.testpages.Customers_GroupsPageTest"/>
</testsuite> <!-- com.shopcart.qa.testpages.Customers_GroupsPageTest -->
