<?xml version="1.0" encoding="UTF-8"?>
<!-- Generated by org.testng.reporters.JUnitReportReporter -->
<testsuite skipped="0" hostname="LAPTOP-T2D0RNDH" name="com.shopcart.qa.testpages.CustomersPageTest" tests="1" failures="0" timestamp="06 May 2019 10:05:04 GMT" time="25.161" errors="0">
  <testcase name="ClickOnShoppingCartsTest" time="25.161" classname="com.shopcart.qa.testpages.CustomersPageTest"/>
</testsuite> <!-- com.shopcart.qa.testpages.CustomersPageTest -->
