<?xml version="1.0" encoding="UTF-8"?>
<!-- Generated by org.testng.reporters.JUnitReportReporter -->
<testsuite skipped="0" hostname="LAPTOP-T2D0RNDH" name="com.shopcart.qa.testpages.AdminLoginPageTest" tests="1" failures="0" timestamp="03 May 2019 12:15:23 GMT" time="21.948" errors="0">
  <testcase name="ClickOnTwitterIconTest" time="21.948" classname="com.shopcart.qa.testpages.AdminLoginPageTest"/>
</testsuite> <!-- com.shopcart.qa.testpages.AdminLoginPageTest -->
