<?xml version="1.0" encoding="UTF-8"?>
<!-- Generated by org.testng.reporters.JUnitReportReporter -->
<testsuite skipped="0" hostname="LAPTOP-T2D0RNDH" name="com.shopcart.qa.testpages.DashboardTest" tests="1" failures="0" timestamp="04 May 2019 07:18:12 GMT" time="43.777" errors="0">
  <testcase name="ClickOnMyShopLinkTest" time="43.777" classname="com.shopcart.qa.testpages.DashboardTest"/>
</testsuite> <!-- com.shopcart.qa.testpages.DashboardTest -->
