<?xml version="1.0" encoding="UTF-8"?>
<!-- Generated by org.testng.reporters.JUnitReportReporter -->
<testsuite skipped="0" hostname="LAPTOP-T2D0RNDH" name="com.shopcart.qa.testpages.Customers_ShoppingCartsPageTest" tests="1" failures="0" timestamp="07 May 2019 14:58:33 GMT" time="17.694" errors="0">
  <testcase name="DeleteCartItemTest" time="17.694" classname="com.shopcart.qa.testpages.Customers_ShoppingCartsPageTest"/>
</testsuite> <!-- com.shopcart.qa.testpages.Customers_ShoppingCartsPageTest -->
