<?xml version="1.0" encoding="UTF-8"?>
<!-- Generated by org.testng.reporters.JUnitReportReporter -->
<testsuite skipped="0" hostname="LAPTOP-T2D0RNDH" name="com.shopcart.qa.testpages.Customers_ContactsPageTest" tests="1" failures="0" timestamp="07 May 2019 10:15:09 GMT" time="23.764" errors="0">
  <testcase name="AddNewContact" time="23.764" classname="com.shopcart.qa.testpages.Customers_ContactsPageTest"/>
</testsuite> <!-- com.shopcart.qa.testpages.Customers_ContactsPageTest -->
